1713797009940	geckodriver	INFO	Listening on 127.0.0.1:61418
1713797013125	mozrunner::runner	INFO	Running command: "C:\\Users\\DELL\\.cache\\selenium\\firefox\\win64\\125.0.2\\firefox.exe" "--marionette" "--remote-debugging ... 19" "--remote-allow-hosts" "localhost" "-no-remote" "-profile" "C:\\Users\\DELL\\AppData\\Local\\Temp\\rust_mozprofileudkDhX"
console.warn: services.settings: Ignoring preference override of remote settings server
console.warn: services.settings: Allow by setting MOZ_REMOTE_SETTINGS_DEVTOOLS=1 in the environment
Dynamically enable window occlusion 0
1713797014482	Marionette	INFO	Marionette enabled
1713797014759	Marionette	INFO	Listening on port 61448
WebDriver BiDi listening on ws://127.0.0.1:61419
Read port: 61448
1713797015294	RemoteAgent	WARN	TLS certificate errors will be ignored for this session
DevTools listening on ws://127.0.0.1:61419/devtools/browser/1467fc56-d23a-41d5-baeb-75a5f5229149
JavaScript warning: https://www.yatra.com/JtaHY1wqLp/ydylUiY8/lf/9t1EzrSVcLf7am/AXBCTA/dWB2FQk/IJmk, line 1: unreachable code after return statement
JavaScript warning: https://www.yatra.com/JtaHY1wqLp/ydylUiY8/lf/9t1EzrSVcLf7am/AXBCTA/dWB2FQk/IJmk, line 1: WEBGL_debug_renderer_info is deprecated in Firefox and will be removed. Please use RENDERER.
JavaScript warning: https://www.yatra.com/JtaHY1wqLp/ydylUiY8/lf/9t1EzrSVcLf7am/AXBCTA/dWB2FQk/IJmk, line 1: WEBGL_debug_renderer_info is deprecated in Firefox and will be removed. Please use RENDERER.
JavaScript warning: https://www.yatra.com/JtaHY1wqLp/ydylUiY8/lf/9t1EzrSVcLf7am/AXBCTA/dWB2FQk/IJmk, line 1: WEBGL_debug_renderer_info is deprecated in Firefox and will be removed. Please use RENDERER.
1713797037054	Marionette	WARN	Ignoring event 'pageshow' because document has an invalid readyState of 'interactive'.
1713797044532	addons.xpi	ERROR	System addon update list error SyntaxError: XMLHttpRequest.open: 'http://%(server)s/dummy-system-addons.xml' is not a valid URL.
JavaScript warning: https://www.googletagmanager.com/gtag/js?id=G-DT1P1TBSQJ&cx=c&_slc=1, line 144: Script terminated by timeout at:
l@https://www.googletagmanager.com/gtag/js?id=G-DT1P1TBSQJ&cx=c&_slc=1:144:917
Dl@https://www.googletagmanager.com/gtag/js?id=G-DT1P1TBSQJ&cx=c&_slc=1:299:587
mm@https://www.googletagmanager.com/gtag/js?id=G-DT1P1TBSQJ&cx=c&_slc=1:304:613
rG/<@https://www.googletagmanager.com/gtag/js?id=G-DT1P1TBSQJ&cx=c&_slc=1:574:178
aa.tk/<@https://www.googletagmanager.com/gtag/js?id=G-DT1P1TBSQJ&cx=c&_slc=1:522:126
aa.tk/c/<@https://www.googletagmanager.com/gtag/js?id=G-DT1P1TBSQJ&cx=c&_slc=1:521:420

1713797104387	Marionette	INFO	Stopped listening on port 61448
Dynamically enable window occlusion 1
