1713784219761	geckodriver	INFO	Listening on 127.0.0.1:59746
1713784222888	mozrunner::runner	INFO	Running command: "C:\\Users\\DELL\\.cache\\selenium\\firefox\\win64\\125.0.1\\firefox.exe" "--marionette" "--remote-debugging ... 47" "--remote-allow-hosts" "localhost" "-no-remote" "-profile" "C:\\Users\\DELL\\AppData\\Local\\Temp\\rust_mozprofileHXSkzI"
console.warn: services.settings: Ignoring preference override of remote settings server
console.warn: services.settings: Allow by setting MOZ_REMOTE_SETTINGS_DEVTOOLS=1 in the environment
Dynamically enable window occlusion 0
1713784224386	Marionette	INFO	Marionette enabled
1713784224661	Marionette	INFO	Listening on port 59757
WebDriver BiDi listening on ws://127.0.0.1:59747
Read port: 59757
1713784225288	RemoteAgent	WARN	TLS certificate errors will be ignored for this session
DevTools listening on ws://127.0.0.1:59747/devtools/browser/b02a73fd-7478-40b9-90b3-25adc8f1fcae
JavaScript warning: https://www.yatra.com/JtaHY1wqLp/ydylUiY8/lf/9t1EzrSVcLf7am/AXBCTA/dWB2FQk/IJmk, line 1: unreachable code after return statement
JavaScript warning: https://www.yatra.com/JtaHY1wqLp/ydylUiY8/lf/9t1EzrSVcLf7am/AXBCTA/dWB2FQk/IJmk, line 1: WEBGL_debug_renderer_info is deprecated in Firefox and will be removed. Please use RENDERER.
1713784233443	Marionette	WARN	Ignoring event 'pageshow' because document has an invalid readyState of 'interactive'.
JavaScript warning: https://www.yatra.com/JtaHY1wqLp/ydylUiY8/lf/9t1EzrSVcLf7am/AXBCTA/dWB2FQk/IJmk, line 1: WEBGL_debug_renderer_info is deprecated in Firefox and will be removed. Please use RENDERER.
JavaScript warning: https://www.yatra.com/JtaHY1wqLp/ydylUiY8/lf/9t1EzrSVcLf7am/AXBCTA/dWB2FQk/IJmk, line 1: WEBGL_debug_renderer_info is deprecated in Firefox and will be removed. Please use RENDERER.
1713784238502	Marionette	INFO	Stopped listening on port 59757
JavaScript warning: https://www.yatra.com/JtaHY1wqLp/ydylUiY8/lf/9t1EzrSVcLf7am/AXBCTA/dWB2FQk/IJmk, line 1: Script terminated by timeout at:
C8T@https://www.yatra.com/JtaHY1wqLp/ydylUiY8/lf/9t1EzrSVcLf7am/AXBCTA/dWB2FQk/IJmk:1:138466
VtT@https://www.yatra.com/JtaHY1wqLp/ydylUiY8/lf/9t1EzrSVcLf7am/AXBCTA/dWB2FQk/IJmk:1:144042
EmT@https://www.yatra.com/JtaHY1wqLp/ydylUiY8/lf/9t1EzrSVcLf7am/AXBCTA/dWB2FQk/IJmk:1:74652

Dynamically enable window occlusion 1
