1713782285481	geckodriver	INFO	Listening on 127.0.0.1:51595
1713782288586	mozrunner::runner	INFO	Running command: "C:\\Users\\DELL\\.cache\\selenium\\firefox\\win64\\125.0.1\\firefox.exe" "--marionette" "--remote-debugging ... 96" "--remote-allow-hosts" "localhost" "-no-remote" "-profile" "C:\\Users\\DELL\\AppData\\Local\\Temp\\rust_mozprofileo8ngoh"
console.warn: services.settings: Ignoring preference override of remote settings server
console.warn: services.settings: Allow by setting MOZ_REMOTE_SETTINGS_DEVTOOLS=1 in the environment
Dynamically enable window occlusion 0
1713782289863	Marionette	INFO	Marionette enabled
1713782290090	Marionette	INFO	Listening on port 51605
WebDriver BiDi listening on ws://127.0.0.1:51596
Read port: 51605
1713782290512	RemoteAgent	WARN	TLS certificate errors will be ignored for this session
DevTools listening on ws://127.0.0.1:51596/devtools/browser/90b48e57-a496-461e-9ad1-39dbe8f59829
JavaScript warning: https://www.yatra.com/JtaHY1wqLp/ydylUiY8/lf/9t1EzrSVcLf7am/AXBCTA/dWB2FQk/IJmk, line 1: unreachable code after return statement
JavaScript warning: https://www.yatra.com/JtaHY1wqLp/ydylUiY8/lf/9t1EzrSVcLf7am/AXBCTA/dWB2FQk/IJmk, line 1: WEBGL_debug_renderer_info is deprecated in Firefox and will be removed. Please use RENDERER.
1713782297665	Marionette	WARN	Ignoring event 'pageshow' because document has an invalid readyState of 'interactive'.
JavaScript warning: https://www.yatra.com/JtaHY1wqLp/ydylUiY8/lf/9t1EzrSVcLf7am/AXBCTA/dWB2FQk/IJmk, line 1: WEBGL_debug_renderer_info is deprecated in Firefox and will be removed. Please use RENDERER.
JavaScript warning: https://www.yatra.com/JtaHY1wqLp/ydylUiY8/lf/9t1EzrSVcLf7am/AXBCTA/dWB2FQk/IJmk, line 1: WEBGL_debug_renderer_info is deprecated in Firefox and will be removed. Please use RENDERER.
1713782319918	addons.xpi	ERROR	System addon update list error SyntaxError: XMLHttpRequest.open: 'http://%(server)s/dummy-system-addons.xml' is not a valid URL.
JavaScript warning: https://www.googletagmanager.com/gtag/js?id=G-DT1P1TBSQJ&cx=c&_slc=1, line 522: Script terminated by timeout at:
aa.nh@https://www.googletagmanager.com/gtag/js?id=G-DT1P1TBSQJ&cx=c&_slc=1:522:89
get@https://www.googletagmanager.com/gtag/js?id=G-DT1P1TBSQJ&cx=c&_slc=1:520:119
stop@https://www.googletagmanager.com/gtag/js?id=G-DT1P1TBSQJ&cx=c&_slc=1:520:87
aa.tk/c/<@https://www.googletagmanager.com/gtag/js?id=G-DT1P1TBSQJ&cx=c&_slc=1:520:412

1713782411803	Marionette	INFO	Stopped listening on port 51605
Dynamically enable window occlusion 1
