1713782695412	geckodriver	INFO	Listening on 127.0.0.1:58387
1713782698535	mozrunner::runner	INFO	Running command: "C:\\Users\\DELL\\.cache\\selenium\\firefox\\win64\\125.0.1\\firefox.exe" "--marionette" "--remote-debugging ... 88" "--remote-allow-hosts" "localhost" "-no-remote" "-profile" "C:\\Users\\DELL\\AppData\\Local\\Temp\\rust_mozprofilegLWgbR"
console.warn: services.settings: Ignoring preference override of remote settings server
console.warn: services.settings: Allow by setting MOZ_REMOTE_SETTINGS_DEVTOOLS=1 in the environment
Dynamically enable window occlusion 0
1713782699610	Marionette	INFO	Marionette enabled
1713782699816	Marionette	INFO	Listening on port 58397
WebDriver BiDi listening on ws://127.0.0.1:58388
Read port: 58397
1713782700217	RemoteAgent	WARN	TLS certificate errors will be ignored for this session
DevTools listening on ws://127.0.0.1:58388/devtools/browser/d293364c-d540-4b4a-9110-7ca9a77ea965
JavaScript warning: https://www.yatra.com/JtaHY1wqLp/ydylUiY8/lf/9t1EzrSVcLf7am/AXBCTA/dWB2FQk/IJmk, line 1: unreachable code after return statement
JavaScript warning: https://www.yatra.com/JtaHY1wqLp/ydylUiY8/lf/9t1EzrSVcLf7am/AXBCTA/dWB2FQk/IJmk, line 1: WEBGL_debug_renderer_info is deprecated in Firefox and will be removed. Please use RENDERER.
JavaScript warning: https://www.yatra.com/JtaHY1wqLp/ydylUiY8/lf/9t1EzrSVcLf7am/AXBCTA/dWB2FQk/IJmk, line 1: WEBGL_debug_renderer_info is deprecated in Firefox and will be removed. Please use RENDERER.
JavaScript warning: https://www.yatra.com/JtaHY1wqLp/ydylUiY8/lf/9t1EzrSVcLf7am/AXBCTA/dWB2FQk/IJmk, line 1: WEBGL_debug_renderer_info is deprecated in Firefox and will be removed. Please use RENDERER.
1713782706856	Marionette	WARN	Ignoring event 'pageshow' because document has an invalid readyState of 'interactive'.
1713782729639	addons.xpi	ERROR	System addon update list error SyntaxError: XMLHttpRequest.open: 'http://%(server)s/dummy-system-addons.xml' is not a valid URL.
JavaScript warning: https://www.googletagmanager.com/gtag/js?id=G-V6YSFESQE4&cx=c&_slc=1, line 290: Script terminated by timeout at:
tm.prototype.flush@https://www.googletagmanager.com/gtag/js?id=G-V6YSFESQE4&cx=c&_slc=1:290:464
rG/<@https://www.googletagmanager.com/gtag/js?id=G-V6YSFESQE4&cx=c&_slc=1:583:142
aa.tk/<@https://www.googletagmanager.com/gtag/js?id=G-V6YSFESQE4&cx=c&_slc=1:531:126
aa.tk/c/<@https://www.googletagmanager.com/gtag/js?id=G-V6YSFESQE4&cx=c&_slc=1:530:420

1713782754220	Marionette	INFO	Stopped listening on port 58397
Dynamically enable window occlusion 1
