1713782844026	geckodriver	INFO	Listening on 127.0.0.1:58650
1713782847167	mozrunner::runner	INFO	Running command: "C:\\Users\\DELL\\.cache\\selenium\\firefox\\win64\\125.0.1\\firefox.exe" "--marionette" "--remote-debugging ... 51" "--remote-allow-hosts" "localhost" "-no-remote" "-profile" "C:\\Users\\DELL\\AppData\\Local\\Temp\\rust_mozprofileYToarz"
console.warn: services.settings: Ignoring preference override of remote settings server
console.warn: services.settings: Allow by setting MOZ_REMOTE_SETTINGS_DEVTOOLS=1 in the environment
Dynamically enable window occlusion 0
1713782848626	Marionette	INFO	Marionette enabled
1713782848897	Marionette	INFO	Listening on port 58664
WebDriver BiDi listening on ws://127.0.0.1:58651
Read port: 58664
1713782849483	RemoteAgent	WARN	TLS certificate errors will be ignored for this session
DevTools listening on ws://127.0.0.1:58651/devtools/browser/043a2630-b4a0-438d-940b-a1adb0e82d33
JavaScript warning: https://www.yatra.com/JtaHY1wqLp/ydylUiY8/lf/9t1EzrSVcLf7am/AXBCTA/dWB2FQk/IJmk, line 1: unreachable code after return statement
JavaScript warning: https://www.yatra.com/JtaHY1wqLp/ydylUiY8/lf/9t1EzrSVcLf7am/AXBCTA/dWB2FQk/IJmk, line 1: WEBGL_debug_renderer_info is deprecated in Firefox and will be removed. Please use RENDERER.
1713782856625	Marionette	WARN	Ignoring event 'pageshow' because document has an invalid readyState of 'interactive'.
JavaScript warning: https://www.yatra.com/JtaHY1wqLp/ydylUiY8/lf/9t1EzrSVcLf7am/AXBCTA/dWB2FQk/IJmk, line 1: WEBGL_debug_renderer_info is deprecated in Firefox and will be removed. Please use RENDERER.
JavaScript warning: https://www.yatra.com/JtaHY1wqLp/ydylUiY8/lf/9t1EzrSVcLf7am/AXBCTA/dWB2FQk/IJmk, line 1: WEBGL_debug_renderer_info is deprecated in Firefox and will be removed. Please use RENDERER.
1713782862352	Marionette	INFO	Stopped listening on port 58664
JavaScript warning: https://connect.facebook.net/signals/config/442518379219738?v=2.9.154&r=stable&domain=www.yatra.com&hme=c3a545c63044e8e9102d4f32d84a1137594d024f28e801d670bc76dc5c075575&ex_m=67%2C112%2C99%2C103%2C58%2C3%2C93%2C66%2C15%2C91%2C84%2C49%2C51%2C158%2C161%2C172%2C168%2C169%2C171%2C28%2C94%2C50%2C73%2C170%2C153%2C156%2C165%2C166%2C173%2C121%2C14%2C48%2C178%2C177%2C123%2C17%2C33%2C38%2C1%2C41%2C62%2C63%2C64%2C68%2C88%2C16%2C13%2C90%2C87%2C86%2C100%2C102%2C37%2C101%2C29%2C25%2C154%2C157%2C130%2C27%2C10%2C11%2C12%2C5%2C6%2C24%2C21%2C22%2C54%2C59%2C61%2C71%2C95%2C26%2C72%2C8%2C7%2C76%2C46%2C20%2C97%2C96%2C9%2C19%2C18%2C81%2C53%2C79%2C32%2C70%2C0%2C89%2C31%2C78%2C83%2C45%2C44%2C82%2C36%2C4%2C85%2C77%2C42%2C39%2C34%2C80%2C2%2C35%2C60%2C40%2C98%2C43%2C75%2C65%2C104%2C57%2C56%2C30%2C92%2C55%2C52%2C47%2C74%2C69%2C23%2C105, line 94: Script terminated by timeout at:
E@https://connect.facebook.net/signals/config/442518379219738?v=2.9.154&r=stable&domain=www.yatra.com&hme=c3a545c63044e8e9102d4f32d84a1137594d024f28e801d670bc76dc5c075575&ex_m=67%2C112%2C99%2C103%2C58%2C3%2C93%2C66%2C15%2C91%2C84%2C49%2C51%2C158%2C161%2C172%2C168%2C169%2C171%2C28%2C94%2C50%2C73%2C170%2C153%2C156%2C165%2C166%2C173%2C121%2C14%2C48%2C178%2C177%2C123%2C17%2C33%2C38%2C1%2C41%2C62%2C63%2C64%2C68%2C88%2C16%2C13%2C90%2C87%2C86%2C100%2C102%2C37%2C101%2C29%2C25%2C154%2C157%2C130%2C27%2C10%2C11%2C12%2C5%2C6%2C24%2C21%2C22%2C54%2C59%2C61%2C71%2C95%2C26%2C72%2C8%2C7%2C76%2C46%2C20%2C97%2C96%2C9%2C19%2C18%2C81%2C53%2C79%2C32%2C70%2C0%2C89%2C31%2C78%2C83%2C45%2C44%2C82%2C36%2C4%2C85%2C77%2C42%2C39%2C34%2C80%2C2%2C35%2C60%2C40%2C98%2C43%2C75%2C65%2C104%2C57%2C56%2C30%2C92%2C55%2C52%2C47%2C74%2C69%2C23%2C105:94:2223
c@https://connect.facebook.net/signals/config/442518379219738?v=2.9.154&r=stable&domain=www.yatra.com&hme=c3a545c63044e8e9102d4f32d84a1137594d024f28e801d670bc76dc5c075575&ex_m=67%2C112%2C99%2C103%2C58%2C3%2C93%2C66%2C15%2C91%2C84%2C49%2C51%2C158%2C161%2C172%2C168%2C169%2C171%2C28%2C94%2C50%2C73%2C170%2C153%2C156%2C165%2C166%2C173%2C121%2C14%2C48%2C178%2C177%2C123%2C17%2C33%2C38%2C1%2C41%2C62%2C63%2C64%2C68%2C88%2C16%2C13%2C90%2C87%2C86%2C100%2C102%2C37%2C101%2C29%2C25%2C154%2C157%2C130%2C27%2C10%2C11%2C12%2C5%2C6%2C24%2C21%2C22%2C54%2C59%2C61%2C71%2C95%2C26%2C72%2C8%2C7%2C76%2C46%2C20%2C97%2C96%2C9%2C19%2C18%2C81%2C53%2C79%2C32%2C70%2C0%2C89%2C31%2C78%2C83%2C45%2C44%2C82%2C36%2C4%2C85%2C77%2C42%2C39%2C34%2C80%2C2%2C35%2C60%2C40%2C98%2C43%2C75%2C65%2C104%2C57%2C56%2C30%2C92%2C55%2C52%2C47%2C74%2C69%2C23%2C105:94:3238

Dynamically enable window occlusion 1
