1713784012809	geckodriver	INFO	Listening on 127.0.0.1:59469
1713784016119	mozrunner::runner	INFO	Running command: "C:\\Users\\DELL\\.cache\\selenium\\firefox\\win64\\125.0.1\\firefox.exe" "--marionette" "--remote-debugging ... 70" "--remote-allow-hosts" "localhost" "-no-remote" "-profile" "C:\\Users\\DELL\\AppData\\Local\\Temp\\rust_mozprofile34tpGH"
console.warn: services.settings: Ignoring preference override of remote settings server
console.warn: services.settings: Allow by setting MOZ_REMOTE_SETTINGS_DEVTOOLS=1 in the environment
Dynamically enable window occlusion 0
1713784017824	Marionette	INFO	Marionette enabled
1713784018096	Marionette	INFO	Listening on port 59480
WebDriver BiDi listening on ws://127.0.0.1:59470
Read port: 59480
1713784018566	RemoteAgent	WARN	TLS certificate errors will be ignored for this session
DevTools listening on ws://127.0.0.1:59470/devtools/browser/0890cf49-132b-40a1-92f3-6d3a53caf716
JavaScript warning: https://www.yatra.com/JtaHY1wqLp/ydylUiY8/lf/9t1EzrSVcLf7am/AXBCTA/dWB2FQk/IJmk, line 1: unreachable code after return statement
JavaScript warning: https://www.yatra.com/JtaHY1wqLp/ydylUiY8/lf/9t1EzrSVcLf7am/AXBCTA/dWB2FQk/IJmk, line 1: WEBGL_debug_renderer_info is deprecated in Firefox and will be removed. Please use RENDERER.
1713784026837	Marionette	WARN	Ignoring event 'pageshow' because document has an invalid readyState of 'interactive'.
JavaScript warning: https://www.yatra.com/JtaHY1wqLp/ydylUiY8/lf/9t1EzrSVcLf7am/AXBCTA/dWB2FQk/IJmk, line 1: WEBGL_debug_renderer_info is deprecated in Firefox and will be removed. Please use RENDERER.
JavaScript warning: https://www.yatra.com/JtaHY1wqLp/ydylUiY8/lf/9t1EzrSVcLf7am/AXBCTA/dWB2FQk/IJmk, line 1: WEBGL_debug_renderer_info is deprecated in Firefox and will be removed. Please use RENDERER.
1713784047880	addons.xpi	ERROR	System addon update list error SyntaxError: XMLHttpRequest.open: 'http://%(server)s/dummy-system-addons.xml' is not a valid URL.
JavaScript warning: https://www.googletagmanager.com/gtag/js?id=G-DT1P1TBSQJ&cx=c&_slc=1, line 522: Script terminated by timeout at:
aa.nh@https://www.googletagmanager.com/gtag/js?id=G-DT1P1TBSQJ&cx=c&_slc=1:522:89
get@https://www.googletagmanager.com/gtag/js?id=G-DT1P1TBSQJ&cx=c&_slc=1:520:119
stop@https://www.googletagmanager.com/gtag/js?id=G-DT1P1TBSQJ&cx=c&_slc=1:520:87
aa.tk/c/<@https://www.googletagmanager.com/gtag/js?id=G-DT1P1TBSQJ&cx=c&_slc=1:520:412

1713784273640	Marionette	INFO	Stopped listening on port 59480
Dynamically enable window occlusion 1
